[2024-05-21T05:08:29.480+0000] {local_task_job_runner.py:120} INFO - ::group::Pre task execution logs
[2024-05-21T05:08:29.489+0000] {taskinstance.py:2076} INFO - Dependencies all met for dep_context=non-requeueable deps ti=<TaskInstance: weather_dag.extract_weather_data manual__2024-05-21T05:08:26.010234+00:00 [queued]>
[2024-05-21T05:08:29.493+0000] {taskinstance.py:2076} INFO - Dependencies all met for dep_context=requeueable deps ti=<TaskInstance: weather_dag.extract_weather_data manual__2024-05-21T05:08:26.010234+00:00 [queued]>
[2024-05-21T05:08:29.493+0000] {taskinstance.py:2306} INFO - Starting attempt 1 of 3
[2024-05-21T05:08:29.498+0000] {taskinstance.py:2330} INFO - Executing <Task(SimpleHttpOperator): extract_weather_data> on 2024-05-21 05:08:26.010234+00:00
[2024-05-21T05:08:29.502+0000] {warnings.py:110} WARNING - /home/***/.local/lib/python3.12/site-packages/***/task/task_runner/standard_task_runner.py:61: DeprecationWarning: This process (pid=8130) is multi-threaded, use of fork() may lead to deadlocks in the child.
  pid = os.fork()

[2024-05-21T05:08:29.503+0000] {standard_task_runner.py:63} INFO - Started process 8132 to run task
[2024-05-21T05:08:29.503+0000] {standard_task_runner.py:90} INFO - Running: ['***', 'tasks', 'run', 'weather_dag', 'extract_weather_data', 'manual__2024-05-21T05:08:26.010234+00:00', '--job-id', '96', '--raw', '--subdir', 'DAGS_FOLDER/weather_dag.py', '--cfg-path', '/tmp/tmpb7wayij5']
[2024-05-21T05:08:29.504+0000] {standard_task_runner.py:91} INFO - Job 96: Subtask extract_weather_data
[2024-05-21T05:08:29.526+0000] {task_command.py:426} INFO - Running <TaskInstance: weather_dag.extract_weather_data manual__2024-05-21T05:08:26.010234+00:00 [running]> on host 39024998a807
[2024-05-21T05:08:29.565+0000] {taskinstance.py:2648} INFO - Exporting env vars: AIRFLOW_CTX_DAG_OWNER='***' AIRFLOW_CTX_DAG_ID='weather_dag' AIRFLOW_CTX_TASK_ID='extract_weather_data' AIRFLOW_CTX_EXECUTION_DATE='2024-05-21T05:08:26.010234+00:00' AIRFLOW_CTX_TRY_NUMBER='1' AIRFLOW_CTX_DAG_RUN_ID='manual__2024-05-21T05:08:26.010234+00:00'
[2024-05-21T05:08:29.566+0000] {taskinstance.py:430} INFO - ::endgroup::
[2024-05-21T05:08:29.566+0000] {http.py:169} INFO - Calling HTTP method
[2024-05-21T05:08:29.570+0000] {base.py:84} INFO - Using connection ID 'weathermap_api' for task execution.
[2024-05-21T05:08:29.573+0000] {base.py:84} INFO - Using connection ID 'weathermap_api' for task execution.
[2024-05-21T05:08:30.257+0000] {http.py:208} INFO - {"coord":{"lon":73.8553,"lat":18.5196},"weather":[{"id":803,"main":"Clouds","description":"broken clouds","icon":"04d"}],"base":"stations","main":{"temp":308.76,"feels_like":308.27,"temp_min":308.76,"temp_max":308.76,"pressure":1006,"humidity":28,"sea_level":1006,"grnd_level":935},"visibility":10000,"wind":{"speed":3.29,"deg":48,"gust":4.6},"clouds":{"all":74},"dt":1716267385,"sys":{"country":"IN","sunrise":1716251352,"sunset":1716298408},"timezone":19800,"id":1259229,"name":"Pune","cod":200}
[2024-05-21T05:08:30.258+0000] {taskinstance.py:441} INFO - ::group::Post task execution logs
[2024-05-21T05:08:30.269+0000] {taskinstance.py:1206} INFO - Marking task as SUCCESS. dag_id=weather_dag, task_id=extract_weather_data, run_id=manual__2024-05-21T05:08:26.010234+00:00, execution_date=20240521T050826, start_date=20240521T050829, end_date=20240521T050830
[2024-05-21T05:08:30.277+0000] {local_task_job_runner.py:240} INFO - Task exited with return code 0
[2024-05-21T05:08:30.284+0000] {warnings.py:110} WARNING - /home/***/.local/lib/python3.12/site-packages/***/models/baseoperator.py:1296: AirflowProviderDeprecationWarning: Call to deprecated class SimpleHttpOperator. (Class `SimpleHttpOperator` is deprecated and will be removed in a future release. Please use `HttpOperator` instead.)
  result = cls.__new__(cls)

[2024-05-21T05:08:30.293+0000] {taskinstance.py:3498} INFO - 1 downstream tasks scheduled from follow-on schedule check
[2024-05-21T05:08:30.294+0000] {local_task_job_runner.py:222} INFO - ::endgroup::
