[2024-05-20T15:42:17.000+0000] {local_task_job_runner.py:120} INFO - ::group::Pre task execution logs
[2024-05-20T15:42:17.009+0000] {taskinstance.py:2076} INFO - Dependencies all met for dep_context=non-requeueable deps ti=<TaskInstance: weather_dag.extract_weather_data manual__2024-05-20T15:42:13.451174+00:00 [queued]>
[2024-05-20T15:42:17.014+0000] {taskinstance.py:2076} INFO - Dependencies all met for dep_context=requeueable deps ti=<TaskInstance: weather_dag.extract_weather_data manual__2024-05-20T15:42:13.451174+00:00 [queued]>
[2024-05-20T15:42:17.014+0000] {taskinstance.py:2306} INFO - Starting attempt 1 of 3
[2024-05-20T15:42:17.020+0000] {taskinstance.py:2330} INFO - Executing <Task(SimpleHttpOperator): extract_weather_data> on 2024-05-20 15:42:13.451174+00:00
[2024-05-20T15:42:17.023+0000] {warnings.py:110} WARNING - /home/***/.local/lib/python3.12/site-packages/***/task/task_runner/standard_task_runner.py:61: DeprecationWarning: This process (pid=3891) is multi-threaded, use of fork() may lead to deadlocks in the child.
  pid = os.fork()

[2024-05-20T15:42:17.024+0000] {standard_task_runner.py:63} INFO - Started process 3893 to run task
[2024-05-20T15:42:17.024+0000] {standard_task_runner.py:90} INFO - Running: ['***', 'tasks', 'run', 'weather_dag', 'extract_weather_data', 'manual__2024-05-20T15:42:13.451174+00:00', '--job-id', '7', '--raw', '--subdir', 'DAGS_FOLDER/weather_dag.py', '--cfg-path', '/tmp/tmpsh4y_oi3']
[2024-05-20T15:42:17.025+0000] {standard_task_runner.py:91} INFO - Job 7: Subtask extract_weather_data
[2024-05-20T15:42:17.047+0000] {task_command.py:426} INFO - Running <TaskInstance: weather_dag.extract_weather_data manual__2024-05-20T15:42:13.451174+00:00 [running]> on host 39024998a807
[2024-05-20T15:42:17.086+0000] {taskinstance.py:2648} INFO - Exporting env vars: AIRFLOW_CTX_DAG_OWNER='***' AIRFLOW_CTX_DAG_ID='weather_dag' AIRFLOW_CTX_TASK_ID='extract_weather_data' AIRFLOW_CTX_EXECUTION_DATE='2024-05-20T15:42:13.451174+00:00' AIRFLOW_CTX_TRY_NUMBER='1' AIRFLOW_CTX_DAG_RUN_ID='manual__2024-05-20T15:42:13.451174+00:00'
[2024-05-20T15:42:17.086+0000] {taskinstance.py:430} INFO - ::endgroup::
[2024-05-20T15:42:17.087+0000] {http.py:169} INFO - Calling HTTP method
[2024-05-20T15:42:17.090+0000] {base.py:84} INFO - Using connection ID 'weathermap_api' for task execution.
[2024-05-20T15:42:17.093+0000] {base.py:84} INFO - Using connection ID 'weathermap_api' for task execution.
[2024-05-20T15:42:17.397+0000] {http.py:208} INFO - {"coord":{"lon":73.8553,"lat":18.5196},"weather":[{"id":501,"main":"Rain","description":"moderate rain","icon":"10n"}],"base":"stations","main":{"temp":307.12,"feels_like":311.48,"temp_min":307.12,"temp_max":307.12,"pressure":1006,"humidity":50,"sea_level":1006,"grnd_level":946},"visibility":10000,"wind":{"speed":4.24,"deg":245,"gust":5.12},"rain":{"1h":2.73},"clouds":{"all":97},"dt":1716219663,"sys":{"type":2,"id":2091543,"country":"IN","sunrise":1716164967,"sunset":1716211984},"timezone":19800,"id":1259229,"name":"Pune","cod":200}
[2024-05-20T15:42:17.400+0000] {taskinstance.py:441} INFO - ::group::Post task execution logs
[2024-05-20T15:42:17.426+0000] {taskinstance.py:1206} INFO - Marking task as SUCCESS. dag_id=weather_dag, task_id=extract_weather_data, run_id=manual__2024-05-20T15:42:13.451174+00:00, execution_date=20240520T154213, start_date=20240520T154217, end_date=20240520T154217
[2024-05-20T15:42:17.468+0000] {local_task_job_runner.py:240} INFO - Task exited with return code 0
[2024-05-20T15:42:17.481+0000] {warnings.py:110} WARNING - /home/***/.local/lib/python3.12/site-packages/***/models/baseoperator.py:1296: AirflowProviderDeprecationWarning: Call to deprecated class SimpleHttpOperator. (Class `SimpleHttpOperator` is deprecated and will be removed in a future release. Please use `HttpOperator` instead.)
  result = cls.__new__(cls)

[2024-05-20T15:42:17.489+0000] {taskinstance.py:3498} INFO - 1 downstream tasks scheduled from follow-on schedule check
[2024-05-20T15:42:17.490+0000] {local_task_job_runner.py:222} INFO - ::endgroup::
