[2024-05-21T04:03:58.418+0000] {local_task_job_runner.py:120} INFO - ::group::Pre task execution logs
[2024-05-21T04:03:58.442+0000] {taskinstance.py:2076} INFO - Dependencies all met for dep_context=non-requeueable deps ti=<TaskInstance: weather_dag.extract_weather_data manual__2024-05-21T04:03:54.140486+00:00 [queued]>
[2024-05-21T04:03:58.452+0000] {taskinstance.py:2076} INFO - Dependencies all met for dep_context=requeueable deps ti=<TaskInstance: weather_dag.extract_weather_data manual__2024-05-21T04:03:54.140486+00:00 [queued]>
[2024-05-21T04:03:58.453+0000] {taskinstance.py:2306} INFO - Starting attempt 1 of 3
[2024-05-21T04:03:58.465+0000] {taskinstance.py:2330} INFO - Executing <Task(SimpleHttpOperator): extract_weather_data> on 2024-05-21 04:03:54.140486+00:00
[2024-05-21T04:03:58.470+0000] {warnings.py:110} WARNING - /home/***/.local/lib/python3.12/site-packages/***/task/task_runner/standard_task_runner.py:61: DeprecationWarning: This process (pid=7219) is multi-threaded, use of fork() may lead to deadlocks in the child.
  pid = os.fork()

[2024-05-21T04:03:58.472+0000] {standard_task_runner.py:63} INFO - Started process 7221 to run task
[2024-05-21T04:03:58.473+0000] {standard_task_runner.py:90} INFO - Running: ['***', 'tasks', 'run', 'weather_dag', 'extract_weather_data', 'manual__2024-05-21T04:03:54.140486+00:00', '--job-id', '57', '--raw', '--subdir', 'DAGS_FOLDER/weather_dag.py', '--cfg-path', '/tmp/tmpcn67kk9_']
[2024-05-21T04:03:58.474+0000] {standard_task_runner.py:91} INFO - Job 57: Subtask extract_weather_data
[2024-05-21T04:03:58.513+0000] {task_command.py:426} INFO - Running <TaskInstance: weather_dag.extract_weather_data manual__2024-05-21T04:03:54.140486+00:00 [running]> on host 39024998a807
[2024-05-21T04:03:58.566+0000] {taskinstance.py:2648} INFO - Exporting env vars: AIRFLOW_CTX_DAG_OWNER='***' AIRFLOW_CTX_DAG_ID='weather_dag' AIRFLOW_CTX_TASK_ID='extract_weather_data' AIRFLOW_CTX_EXECUTION_DATE='2024-05-21T04:03:54.140486+00:00' AIRFLOW_CTX_TRY_NUMBER='1' AIRFLOW_CTX_DAG_RUN_ID='manual__2024-05-21T04:03:54.140486+00:00'
[2024-05-21T04:03:58.567+0000] {taskinstance.py:430} INFO - ::endgroup::
[2024-05-21T04:03:58.567+0000] {http.py:169} INFO - Calling HTTP method
[2024-05-21T04:03:58.573+0000] {base.py:84} INFO - Using connection ID 'weathermap_api' for task execution.
[2024-05-21T04:03:58.578+0000] {base.py:84} INFO - Using connection ID 'weathermap_api' for task execution.
[2024-05-21T04:03:59.283+0000] {http.py:208} INFO - {"coord":{"lon":73.8553,"lat":18.5196},"weather":[{"id":804,"main":"Clouds","description":"overcast clouds","icon":"04d"}],"base":"stations","main":{"temp":305.45,"feels_like":305.5,"temp_min":305.45,"temp_max":305.45,"pressure":1007,"humidity":38,"sea_level":1007,"grnd_level":935},"visibility":10000,"wind":{"speed":2.42,"deg":28,"gust":4.35},"clouds":{"all":87},"dt":1716263818,"sys":{"type":2,"id":2091543,"country":"IN","sunrise":1716251352,"sunset":1716298408},"timezone":19800,"id":1259229,"name":"Pune","cod":200}
[2024-05-21T04:03:59.285+0000] {taskinstance.py:441} INFO - ::group::Post task execution logs
[2024-05-21T04:03:59.304+0000] {taskinstance.py:1206} INFO - Marking task as SUCCESS. dag_id=weather_dag, task_id=extract_weather_data, run_id=manual__2024-05-21T04:03:54.140486+00:00, execution_date=20240521T040354, start_date=20240521T040358, end_date=20240521T040359
[2024-05-21T04:03:59.342+0000] {local_task_job_runner.py:240} INFO - Task exited with return code 0
[2024-05-21T04:03:59.353+0000] {warnings.py:110} WARNING - /home/***/.local/lib/python3.12/site-packages/***/models/baseoperator.py:1296: AirflowProviderDeprecationWarning: Call to deprecated class SimpleHttpOperator. (Class `SimpleHttpOperator` is deprecated and will be removed in a future release. Please use `HttpOperator` instead.)
  result = cls.__new__(cls)

[2024-05-21T04:03:59.365+0000] {taskinstance.py:3498} INFO - 1 downstream tasks scheduled from follow-on schedule check
[2024-05-21T04:03:59.366+0000] {local_task_job_runner.py:222} INFO - ::endgroup::
