[2024-05-21T05:00:24.076+0000] {local_task_job_runner.py:120} INFO - ::group::Pre task execution logs
[2024-05-21T05:00:24.083+0000] {taskinstance.py:2076} INFO - Dependencies all met for dep_context=non-requeueable deps ti=<TaskInstance: weather_dag.push_to_s3 manual__2024-05-21T04:56:13.732195+00:00 [queued]>
[2024-05-21T05:00:24.087+0000] {taskinstance.py:2076} INFO - Dependencies all met for dep_context=requeueable deps ti=<TaskInstance: weather_dag.push_to_s3 manual__2024-05-21T04:56:13.732195+00:00 [queued]>
[2024-05-21T05:00:24.087+0000] {taskinstance.py:2306} INFO - Starting attempt 3 of 3
[2024-05-21T05:00:24.092+0000] {taskinstance.py:2330} INFO - Executing <Task(PythonOperator): push_to_s3> on 2024-05-21 04:56:13.732195+00:00
[2024-05-21T05:00:24.097+0000] {warnings.py:110} WARNING - /home/***/.local/lib/python3.12/site-packages/***/task/task_runner/standard_task_runner.py:61: DeprecationWarning: This process (pid=7978) is multi-threaded, use of fork() may lead to deadlocks in the child.
  pid = os.fork()

[2024-05-21T05:00:24.098+0000] {standard_task_runner.py:63} INFO - Started process 7980 to run task
[2024-05-21T05:00:24.098+0000] {standard_task_runner.py:90} INFO - Running: ['***', 'tasks', 'run', 'weather_dag', 'push_to_s3', 'manual__2024-05-21T04:56:13.732195+00:00', '--job-id', '82', '--raw', '--subdir', 'DAGS_FOLDER/weather_dag.py', '--cfg-path', '/tmp/tmp7y_p4dzg']
[2024-05-21T05:00:24.099+0000] {standard_task_runner.py:91} INFO - Job 82: Subtask push_to_s3
[2024-05-21T05:00:24.118+0000] {task_command.py:426} INFO - Running <TaskInstance: weather_dag.push_to_s3 manual__2024-05-21T04:56:13.732195+00:00 [running]> on host 39024998a807
[2024-05-21T05:00:24.156+0000] {taskinstance.py:2648} INFO - Exporting env vars: AIRFLOW_CTX_DAG_OWNER='***' AIRFLOW_CTX_DAG_ID='weather_dag' AIRFLOW_CTX_TASK_ID='push_to_s3' AIRFLOW_CTX_EXECUTION_DATE='2024-05-21T04:56:13.732195+00:00' AIRFLOW_CTX_TRY_NUMBER='3' AIRFLOW_CTX_DAG_RUN_ID='manual__2024-05-21T04:56:13.732195+00:00'
[2024-05-21T05:00:24.157+0000] {taskinstance.py:430} INFO - ::endgroup::
[2024-05-21T05:00:24.226+0000] {taskinstance.py:441} INFO - ::group::Post task execution logs
[2024-05-21T05:00:24.227+0000] {taskinstance.py:2905} ERROR - Task failed with exception
Traceback (most recent call last):
  File "/home/airflow/.local/lib/python3.12/site-packages/airflow/models/taskinstance.py", line 465, in _execute_task
    result = _execute_callable(context=context, **execute_callable_kwargs)
             ^^^^^^^^^^^^^^^^^^^^^^^^^^^^^^^^^^^^^^^^^^^^^^^^^^^^^^^^^^^^^
  File "/home/airflow/.local/lib/python3.12/site-packages/airflow/models/taskinstance.py", line 432, in _execute_callable
    return execute_callable(context=context, **execute_callable_kwargs)
           ^^^^^^^^^^^^^^^^^^^^^^^^^^^^^^^^^^^^^^^^^^^^^^^^^^^^^^^^^^^^
  File "/home/airflow/.local/lib/python3.12/site-packages/airflow/models/baseoperator.py", line 400, in wrapper
    return func(self, *args, **kwargs)
           ^^^^^^^^^^^^^^^^^^^^^^^^^^^
  File "/home/airflow/.local/lib/python3.12/site-packages/airflow/operators/python.py", line 235, in execute
    return_value = self.execute_callable()
                   ^^^^^^^^^^^^^^^^^^^^^^^
  File "/home/airflow/.local/lib/python3.12/site-packages/airflow/operators/python.py", line 252, in execute_callable
    return self.python_callable(*self.op_args, **self.op_kwargs)
           ^^^^^^^^^^^^^^^^^^^^^^^^^^^^^^^^^^^^^^^^^^^^^^^^^^^^^
  File "/opt/airflow/dags/weather_dag.py", line 13, in pushS3
    client.upload_fileobj("weatherapiairflowproject-yml","/opt/airflow/logs/{dt_string}.csv")
TypeError: upload_fileobj() missing 1 required positional argument: 'Key'
[2024-05-21T05:00:24.233+0000] {taskinstance.py:1206} INFO - Marking task as FAILED. dag_id=weather_dag, task_id=push_to_s3, run_id=manual__2024-05-21T04:56:13.732195+00:00, execution_date=20240521T045613, start_date=20240521T050024, end_date=20240521T050024
[2024-05-21T05:00:24.238+0000] {standard_task_runner.py:110} ERROR - Failed to execute job 82 for task push_to_s3 (upload_fileobj() missing 1 required positional argument: 'Key'; 7980)
[2024-05-21T05:00:24.283+0000] {local_task_job_runner.py:240} INFO - Task exited with return code 1
[2024-05-21T05:00:24.293+0000] {taskinstance.py:3498} INFO - 0 downstream tasks scheduled from follow-on schedule check
[2024-05-21T05:00:24.295+0000] {local_task_job_runner.py:222} INFO - ::endgroup::
