[2024-05-21T03:57:08.558+0000] {local_task_job_runner.py:120} INFO - ::group::Pre task execution logs
[2024-05-21T03:57:08.570+0000] {taskinstance.py:2076} INFO - Dependencies all met for dep_context=non-requeueable deps ti=<TaskInstance: weather_dag.extract_weather_data manual__2024-05-21T03:57:05.210747+00:00 [queued]>
[2024-05-21T03:57:08.576+0000] {taskinstance.py:2076} INFO - Dependencies all met for dep_context=requeueable deps ti=<TaskInstance: weather_dag.extract_weather_data manual__2024-05-21T03:57:05.210747+00:00 [queued]>
[2024-05-21T03:57:08.577+0000] {taskinstance.py:2306} INFO - Starting attempt 1 of 3
[2024-05-21T03:57:08.584+0000] {taskinstance.py:2330} INFO - Executing <Task(SimpleHttpOperator): extract_weather_data> on 2024-05-21 03:57:05.210747+00:00
[2024-05-21T03:57:08.589+0000] {warnings.py:110} WARNING - /home/***/.local/lib/python3.12/site-packages/***/task/task_runner/standard_task_runner.py:61: DeprecationWarning: This process (pid=7115) is multi-threaded, use of fork() may lead to deadlocks in the child.
  pid = os.fork()

[2024-05-21T03:57:08.591+0000] {standard_task_runner.py:63} INFO - Started process 7117 to run task
[2024-05-21T03:57:08.591+0000] {standard_task_runner.py:90} INFO - Running: ['***', 'tasks', 'run', 'weather_dag', 'extract_weather_data', 'manual__2024-05-21T03:57:05.210747+00:00', '--job-id', '52', '--raw', '--subdir', 'DAGS_FOLDER/weather_dag.py', '--cfg-path', '/tmp/tmpcuoyo1yn']
[2024-05-21T03:57:08.592+0000] {standard_task_runner.py:91} INFO - Job 52: Subtask extract_weather_data
[2024-05-21T03:57:08.623+0000] {task_command.py:426} INFO - Running <TaskInstance: weather_dag.extract_weather_data manual__2024-05-21T03:57:05.210747+00:00 [running]> on host 39024998a807
[2024-05-21T03:57:08.674+0000] {taskinstance.py:2648} INFO - Exporting env vars: AIRFLOW_CTX_DAG_OWNER='***' AIRFLOW_CTX_DAG_ID='weather_dag' AIRFLOW_CTX_TASK_ID='extract_weather_data' AIRFLOW_CTX_EXECUTION_DATE='2024-05-21T03:57:05.210747+00:00' AIRFLOW_CTX_TRY_NUMBER='1' AIRFLOW_CTX_DAG_RUN_ID='manual__2024-05-21T03:57:05.210747+00:00'
[2024-05-21T03:57:08.675+0000] {taskinstance.py:430} INFO - ::endgroup::
[2024-05-21T03:57:08.675+0000] {http.py:169} INFO - Calling HTTP method
[2024-05-21T03:57:08.680+0000] {base.py:84} INFO - Using connection ID 'weathermap_api' for task execution.
[2024-05-21T03:57:08.687+0000] {base.py:84} INFO - Using connection ID 'weathermap_api' for task execution.
[2024-05-21T03:57:09.407+0000] {http.py:208} INFO - {"coord":{"lon":73.8553,"lat":18.5196},"weather":[{"id":804,"main":"Clouds","description":"overcast clouds","icon":"04d"}],"base":"stations","main":{"temp":305.45,"feels_like":305.5,"temp_min":305.45,"temp_max":305.45,"pressure":1007,"humidity":38,"sea_level":1007,"grnd_level":935},"visibility":10000,"wind":{"speed":2.42,"deg":28,"gust":4.35},"clouds":{"all":87},"dt":1716263532,"sys":{"type":2,"id":2091543,"country":"IN","sunrise":1716251352,"sunset":1716298408},"timezone":19800,"id":1259229,"name":"Pune","cod":200}
[2024-05-21T03:57:09.409+0000] {taskinstance.py:441} INFO - ::group::Post task execution logs
[2024-05-21T03:57:09.421+0000] {taskinstance.py:1206} INFO - Marking task as SUCCESS. dag_id=weather_dag, task_id=extract_weather_data, run_id=manual__2024-05-21T03:57:05.210747+00:00, execution_date=20240521T035705, start_date=20240521T035708, end_date=20240521T035709
[2024-05-21T03:57:09.453+0000] {local_task_job_runner.py:240} INFO - Task exited with return code 0
[2024-05-21T03:57:09.461+0000] {warnings.py:110} WARNING - /home/***/.local/lib/python3.12/site-packages/***/models/baseoperator.py:1296: AirflowProviderDeprecationWarning: Call to deprecated class SimpleHttpOperator. (Class `SimpleHttpOperator` is deprecated and will be removed in a future release. Please use `HttpOperator` instead.)
  result = cls.__new__(cls)

[2024-05-21T03:57:09.468+0000] {taskinstance.py:3498} INFO - 1 downstream tasks scheduled from follow-on schedule check
[2024-05-21T03:57:09.469+0000] {local_task_job_runner.py:222} INFO - ::endgroup::
