[2024-05-20T18:30:25.667+0000] {local_task_job_runner.py:120} INFO - ::group::Pre task execution logs
[2024-05-20T18:30:25.676+0000] {taskinstance.py:2076} INFO - Dependencies all met for dep_context=non-requeueable deps ti=<TaskInstance: weather_dag.extract_weather_data manual__2024-05-20T18:30:21.431375+00:00 [queued]>
[2024-05-20T18:30:25.680+0000] {taskinstance.py:2076} INFO - Dependencies all met for dep_context=requeueable deps ti=<TaskInstance: weather_dag.extract_weather_data manual__2024-05-20T18:30:21.431375+00:00 [queued]>
[2024-05-20T18:30:25.681+0000] {taskinstance.py:2306} INFO - Starting attempt 1 of 3
[2024-05-20T18:30:25.686+0000] {taskinstance.py:2330} INFO - Executing <Task(SimpleHttpOperator): extract_weather_data> on 2024-05-20 18:30:21.431375+00:00
[2024-05-20T18:30:25.690+0000] {warnings.py:110} WARNING - /home/***/.local/lib/python3.12/site-packages/***/task/task_runner/standard_task_runner.py:61: DeprecationWarning: This process (pid=5917) is multi-threaded, use of fork() may lead to deadlocks in the child.
  pid = os.fork()

[2024-05-20T18:30:25.691+0000] {standard_task_runner.py:63} INFO - Started process 5919 to run task
[2024-05-20T18:30:25.691+0000] {standard_task_runner.py:90} INFO - Running: ['***', 'tasks', 'run', 'weather_dag', 'extract_weather_data', 'manual__2024-05-20T18:30:21.431375+00:00', '--job-id', '24', '--raw', '--subdir', 'DAGS_FOLDER/weather_dag.py', '--cfg-path', '/tmp/tmpr8r1sg5e']
[2024-05-20T18:30:25.692+0000] {standard_task_runner.py:91} INFO - Job 24: Subtask extract_weather_data
[2024-05-20T18:30:25.714+0000] {task_command.py:426} INFO - Running <TaskInstance: weather_dag.extract_weather_data manual__2024-05-20T18:30:21.431375+00:00 [running]> on host 39024998a807
[2024-05-20T18:30:25.754+0000] {taskinstance.py:2648} INFO - Exporting env vars: AIRFLOW_CTX_DAG_OWNER='***' AIRFLOW_CTX_DAG_ID='weather_dag' AIRFLOW_CTX_TASK_ID='extract_weather_data' AIRFLOW_CTX_EXECUTION_DATE='2024-05-20T18:30:21.431375+00:00' AIRFLOW_CTX_TRY_NUMBER='1' AIRFLOW_CTX_DAG_RUN_ID='manual__2024-05-20T18:30:21.431375+00:00'
[2024-05-20T18:30:25.755+0000] {taskinstance.py:430} INFO - ::endgroup::
[2024-05-20T18:30:25.755+0000] {http.py:169} INFO - Calling HTTP method
[2024-05-20T18:30:25.759+0000] {base.py:84} INFO - Using connection ID 'weathermap_api' for task execution.
[2024-05-20T18:30:25.763+0000] {base.py:84} INFO - Using connection ID 'weathermap_api' for task execution.
[2024-05-20T18:30:26.400+0000] {http.py:208} INFO - {"coord":{"lon":73.8553,"lat":18.5196},"weather":[{"id":502,"main":"Rain","description":"heavy intensity rain","icon":"10n"}],"base":"stations","main":{"temp":301.53,"feels_like":304.88,"temp_min":301.53,"temp_max":301.53,"pressure":1006,"humidity":72,"sea_level":1006,"grnd_level":934},"visibility":10000,"wind":{"speed":3.94,"deg":264,"gust":5.68},"rain":{"1h":4.73},"clouds":{"all":95},"dt":1716229740,"sys":{"country":"IN","sunrise":1716164967,"sunset":1716211984},"timezone":19800,"id":1259229,"name":"Pune","cod":200}
[2024-05-20T18:30:26.405+0000] {taskinstance.py:441} INFO - ::group::Post task execution logs
[2024-05-20T18:30:26.432+0000] {taskinstance.py:1206} INFO - Marking task as SUCCESS. dag_id=weather_dag, task_id=extract_weather_data, run_id=manual__2024-05-20T18:30:21.431375+00:00, execution_date=20240520T183021, start_date=20240520T183025, end_date=20240520T183026
[2024-05-20T18:30:26.473+0000] {local_task_job_runner.py:240} INFO - Task exited with return code 0
[2024-05-20T18:30:26.485+0000] {warnings.py:110} WARNING - /home/***/.local/lib/python3.12/site-packages/***/models/baseoperator.py:1296: AirflowProviderDeprecationWarning: Call to deprecated class SimpleHttpOperator. (Class `SimpleHttpOperator` is deprecated and will be removed in a future release. Please use `HttpOperator` instead.)
  result = cls.__new__(cls)

[2024-05-20T18:30:26.495+0000] {taskinstance.py:3498} INFO - 1 downstream tasks scheduled from follow-on schedule check
[2024-05-20T18:30:26.497+0000] {local_task_job_runner.py:222} INFO - ::endgroup::
